-------------------------------------------------------------------------------
Test set: account.AccountGerarTokenPostTest
-------------------------------------------------------------------------------
Tests run: 2, Failures: 0, Errors: 0, Skipped: 0, Time elapsed: 21.824 s - in account.AccountGerarTokenPostTest
bookStore.BookStoreDeleteTest.deletaTodosOsLivrosDoCarrinhoComIdIncorreto  Time elapsed: 3.389 s
account.AccountGerarTokenPostTest.gerarTokenComCampoNomeEmBranco  Time elapsed: 2.156 s
